<?xml version="1.0" encoding="UTF-8"?>
<!-- Generated by org.testng.reporters.JUnitReportReporter -->
<testsuite hostname="Rev-PG02Z04Q" failures="0" tests="1" name="runner.VerifyTestCase_TC001" time="8.903" errors="0" timestamp="2025-01-05T01:46:32 IST" skipped="0">
  <testcase classname="runner.VerifyTestCase_TC001" name="runScenario" time="8.903"/>
  <system-out/>
</testsuite> <!-- runner.VerifyTestCase_TC001 -->
