<?xml version="1.0" encoding="UTF-8"?>
<!-- Generated by org.testng.reporters.JUnitReportReporter -->
<testsuite hostname="Rev-PG02Z04Q" failures="0" tests="3" name="week5.day2.Createlead" time="45.064" errors="0" timestamp="2024-04-28T17:14:53 IST" skipped="0">
  <testcase classname="week5.day2.Createlead" name="createlead" time="14.590"/>
  <system-out/>
  <testcase classname="week5.day2.Createlead" name="createlead" time="14.438"/>
  <system-out/>
  <testcase classname="week5.day2.Createlead" name="createlead" time="16.036"/>
  <system-out/>
</testsuite> <!-- week5.day2.Createlead -->
