<?xml version="1.0" encoding="UTF-8"?>
<!-- Generated by org.testng.reporters.JUnitReportReporter -->
<testsuite hostname="Rev-PG02Z04Q" failures="0" tests="2" name="week5.day2.W3Schools" time="62.299" errors="0" timestamp="2024-04-30T19:30:34 IST" skipped="0">
  <testcase classname="week5.day2.W3Schools" name="createlead" time="31.568"/>
  <system-out/>
  <testcase classname="week5.day2.W3Schools" name="createlead" time="30.731"/>
  <system-out/>
</testsuite> <!-- week5.day2.W3Schools -->
