<?xml version="1.0" encoding="UTF-8"?>
<!-- Generated by org.testng.reporters.JUnitReportReporter -->
<testsuite hostname="Rev-PG02Z04Q" failures="0" tests="1" name="demolistners.Baseclass" time="14.384" errors="0" timestamp="2024-07-13T19:54:21 IST" skipped="0">
  <testcase classname="demolistners.Baseclass" name="initialise" time="14.384"/>
  <system-out/>
</testsuite> <!-- demolistners.Baseclass -->
