<?xml version="1.0" encoding="UTF-8"?>
<!-- Generated by org.testng.reporters.JUnitReportReporter -->
<testsuite hostname="Rev-PG02Z04Q" failures="0" tests="3" name="collections.Testngpriotitycheck" time="0.016" errors="0" timestamp="2024-10-08T20:10:44 IST" skipped="0">
  <testcase classname="collections.Testngpriotitycheck" name="tc1" time="0.013"/>
  <system-out/>
  <testcase classname="collections.Testngpriotitycheck" name="tc3" time="0.002"/>
  <system-out/>
  <testcase classname="collections.Testngpriotitycheck" name="tc12" time="0.001"/>
  <system-out/>
</testsuite> <!-- collections.Testngpriotitycheck -->
