<?xml version="1.0" encoding="UTF-8"?>
<!-- Generated by org.testng.reporters.JUnitReportReporter -->
<testsuite hostname="Rev-PG02Z04Q" failures="0" tests="1" name="runner.W3SchoolsTC002" time="34.632" errors="0" timestamp="2024-05-07T11:35:07 IST" skipped="0">
  <testcase classname="runner.W3SchoolsTC002" name="runScenario" time="34.632"/>
  <system-out/>
</testsuite> <!-- runner.W3SchoolsTC002 -->
